19-02-2020 01:21:12.516 [restartedMain] INFO  c.r.MiniProject6PhoneBookApplication.logStarting - Starting MiniProject6PhoneBookApplication on DELL-PC with PID 9064 (D:\Eclipse\Project\Mini_Project_6_Phone_Book_Application\target\classes started by DELL in D:\Eclipse\Project\Mini_Project_6_Phone_Book_Application)
19-02-2020 01:21:12.517 [restartedMain] INFO  c.r.MiniProject6PhoneBookApplication.logStartupProfileInfo - The following profiles are active: log
19-02-2020 01:21:12.718 [restartedMain] INFO  o.s.d.r.c.RepositoryConfigurationDelegate.registerRepositoriesIn - Bootstrapping Spring Data JPA repositories in DEFAULT mode.
19-02-2020 01:21:12.732 [restartedMain] INFO  o.s.d.r.c.RepositoryConfigurationDelegate.registerRepositoriesIn - Finished Spring Data repository scanning in 13ms. Found 1 JPA repository interfaces.
19-02-2020 01:21:12.793 [restartedMain] INFO  o.s.c.s.PostProcessorRegistrationDelegate$BeanPostProcessorChecker.postProcessAfterInitialization - Bean 'org.springframework.transaction.annotation.ProxyTransactionManagementConfiguration' of type [org.springframework.transaction.annotation.ProxyTransactionManagementConfiguration] is not eligible for getting processed by all BeanPostProcessors (for example: not eligible for auto-proxying)
19-02-2020 01:21:12.915 [restartedMain] INFO  o.s.b.w.e.tomcat.TomcatWebServer.initialize - Tomcat initialized with port(s): 8080 (http)
19-02-2020 01:21:12.916 [restartedMain] INFO  o.a.catalina.core.StandardService.log - Starting service [Tomcat]
19-02-2020 01:21:12.916 [restartedMain] INFO  o.a.catalina.core.StandardEngine.log - Starting Servlet engine: [Apache Tomcat/9.0.30]
19-02-2020 01:21:13.011 [restartedMain] INFO  org.apache.jasper.servlet.TldScanner.log - At least one JAR was scanned for TLDs yet contained no TLDs. Enable debug logging for this logger for a complete list of JARs that were scanned but no TLDs were found in them. Skipping unneeded JARs during scanning can improve startup time and JSP compilation time.
19-02-2020 01:21:13.013 [restartedMain] INFO  o.a.c.c.C.[Tomcat].[localhost].[/].log - Initializing Spring embedded WebApplicationContext
19-02-2020 01:21:13.013 [restartedMain] INFO  o.s.web.context.ContextLoader.prepareWebApplicationContext - Root WebApplicationContext: initialization completed in 493 ms
19-02-2020 01:21:13.032 [restartedMain] INFO  com.zaxxer.hikari.HikariDataSource.getConnection - HikariPool-4 - Starting...
19-02-2020 01:21:13.035 [restartedMain] INFO  com.zaxxer.hikari.HikariDataSource.getConnection - HikariPool-4 - Start completed.
19-02-2020 01:21:13.036 [restartedMain] INFO  o.s.b.a.h.H2ConsoleAutoConfiguration.lambda$h2Console$0 - H2 console available at '/h2-console'. Database available at 'jdbc:h2:mem:testdb'
19-02-2020 01:21:13.064 [restartedMain] INFO  o.h.jpa.internal.util.LogHelper.logPersistenceUnitInformation - HHH000204: Processing PersistenceUnitInfo [name: default]
19-02-2020 01:21:13.078 [restartedMain] INFO  org.hibernate.dialect.Dialect.<init> - HHH000400: Using dialect: org.hibernate.dialect.H2Dialect
19-02-2020 01:21:13.124 [restartedMain] INFO  o.h.e.t.j.p.i.JtaPlatformInitiator.initiateService - HHH000490: Using JtaPlatform implementation: [org.hibernate.engine.transaction.jta.platform.internal.NoJtaPlatform]
19-02-2020 01:21:13.125 [restartedMain] INFO  o.s.o.j.LocalContainerEntityManagerFactoryBean.buildNativeEntityManagerFactory - Initialized JPA EntityManagerFactory for persistence unit 'default'
19-02-2020 01:21:13.136 [restartedMain] INFO  o.s.b.d.a.OptionalLiveReloadServer.startServer - LiveReload server is running on port 35729
19-02-2020 01:21:13.224 [restartedMain] WARN  o.s.b.a.o.j.JpaBaseConfiguration$JpaWebConfiguration.openEntityManagerInViewInterceptor - spring.jpa.open-in-view is enabled by default. Therefore, database queries may be performed during view rendering. Explicitly configure spring.jpa.open-in-view to disable this warning
19-02-2020 01:21:13.268 [restartedMain] INFO  o.s.s.c.ThreadPoolTaskExecutor.initialize - Initializing ExecutorService 'applicationTaskExecutor'
19-02-2020 01:21:13.354 [restartedMain] INFO  o.a.catalina.core.StandardService.log - Stopping service [Tomcat]
19-02-2020 01:21:13.390 [restartedMain] WARN  o.a.c.loader.WebappClassLoaderBase.log - The web application [ROOT] appears to have started a thread named [HikariPool-4 housekeeper] but has failed to stop it. This is very likely to create a memory leak. Stack trace of thread:
 sun.misc.Unsafe.park(Native Method)
 java.util.concurrent.locks.LockSupport.parkNanos(LockSupport.java:215)
 java.util.concurrent.locks.AbstractQueuedSynchronizer$ConditionObject.awaitNanos(AbstractQueuedSynchronizer.java:2078)
 java.util.concurrent.ScheduledThreadPoolExecutor$DelayedWorkQueue.take(ScheduledThreadPoolExecutor.java:1093)
 java.util.concurrent.ScheduledThreadPoolExecutor$DelayedWorkQueue.take(ScheduledThreadPoolExecutor.java:809)
 java.util.concurrent.ThreadPoolExecutor.getTask(ThreadPoolExecutor.java:1074)
 java.util.concurrent.ThreadPoolExecutor.runWorker(ThreadPoolExecutor.java:1134)
 java.util.concurrent.ThreadPoolExecutor$Worker.run(ThreadPoolExecutor.java:624)
 java.lang.Thread.run(Thread.java:748)
19-02-2020 01:21:13.391 [restartedMain] WARN  o.a.c.loader.WebappClassLoaderBase.log - The web application [ROOT] appears to have started a thread named [HikariPool-4 connection adder] but has failed to stop it. This is very likely to create a memory leak. Stack trace of thread:
 sun.misc.Unsafe.park(Native Method)
 java.util.concurrent.locks.LockSupport.parkNanos(LockSupport.java:215)
 java.util.concurrent.locks.AbstractQueuedSynchronizer$ConditionObject.awaitNanos(AbstractQueuedSynchronizer.java:2078)
 java.util.concurrent.LinkedBlockingQueue.poll(LinkedBlockingQueue.java:467)
 java.util.concurrent.ThreadPoolExecutor.getTask(ThreadPoolExecutor.java:1073)
 java.util.concurrent.ThreadPoolExecutor.runWorker(ThreadPoolExecutor.java:1134)
 java.util.concurrent.ThreadPoolExecutor$Worker.run(ThreadPoolExecutor.java:624)
 java.lang.Thread.run(Thread.java:748)
19-02-2020 01:21:13.394 [restartedMain] INFO  o.s.b.a.l.ConditionEvaluationReportLoggingListener.logMessage - 

Error starting ApplicationContext. To display the conditions report re-run your application with 'debug' enabled.
19-02-2020 01:21:13.400 [restartedMain] ERROR o.s.b.d.LoggingFailureAnalysisReporter.report - 

***************************
APPLICATION FAILED TO START
***************************

Description:

Web server failed to start. Port 8080 was already in use.

Action:

Identify and stop the process that's listening on port 8080 or configure this application to listen on another port.

19-02-2020 01:21:13.402 [restartedMain] INFO  o.s.s.c.ThreadPoolTaskExecutor.shutdown - Shutting down ExecutorService 'applicationTaskExecutor'
19-02-2020 01:21:13.403 [restartedMain] INFO  o.s.o.j.LocalContainerEntityManagerFactoryBean.destroy - Closing JPA EntityManagerFactory for persistence unit 'default'
19-02-2020 01:21:13.404 [restartedMain] INFO  o.h.t.s.i.SchemaDropperImpl$DelayedDropActionImpl.perform - HHH000477: Starting delayed evictData of schema as part of SessionFactory shut-down'
19-02-2020 01:21:13.645 [restartedMain] WARN  o.s.b.f.s.DisposableBeanAdapter.destroy - Invocation of destroy method failed on bean with name 'inMemoryDatabaseShutdownExecutor': org.h2.jdbc.JdbcSQLNonTransientConnectionException: Database is already closed (to disable automatic closing at VM shutdown, add ";DB_CLOSE_ON_EXIT=FALSE" to the db URL) [90121-200]
19-02-2020 01:21:13.646 [restartedMain] INFO  com.zaxxer.hikari.HikariDataSource.close - HikariPool-4 - Shutdown initiated...
19-02-2020 01:21:13.649 [restartedMain] INFO  com.zaxxer.hikari.HikariDataSource.close - HikariPool-4 - Shutdown completed.
